<?xml version="1.0" encoding="UTF-8"?>
<testsuite name="VerifyCalculatorControllerTest" tests="4" time="0.014966667" failures="3" errors="0" skipped="0" assertions="8" timestamp="2016-02-03T14:42:15+01:00">
  <testcase name="test_should_subtract" time="0.004757139002322219" assertions="2">
    <failure type="Minitest::Assertion" message="&lt;88&gt; expected but was...">
&lt;88&gt; expected but was
&lt;ERROR&gt;..
Expected 0 to be &gt;= 1. (Minitest::Assertion)
/home/marek/work/devskiller/exam-tasks/sample-projects/devskiller-sample-ruby-rails-calculator/test/controllers/verify_calculator_controller_test.rb:20    </failure>
  </testcase>
  <testcase name="test_should_add" time="0.004919850995065644" assertions="2">
    <failure type="Minitest::Assertion" message="&lt;112&gt; expected but was...">
&lt;112&gt; expected but was
&lt;ERROR&gt;..
Expected 0 to be &gt;= 1. (Minitest::Assertion)
/home/marek/work/devskiller/exam-tasks/sample-projects/devskiller-sample-ruby-rails-calculator/test/controllers/verify_calculator_controller_test.rb:14    </failure>
  </testcase>
  <testcase name="test_should_divide_by_zero" time="0.004658638994442299" assertions="2">
  </testcase>
  <testcase name="test_should_multiply_by_zero" time="0.004292651996365748" assertions="2">
    <failure type="Minitest::Assertion" message="&lt;0&gt; expected but was...">
&lt;0&gt; expected but was
&lt;ERROR&gt;..
Expected 0 to be &gt;= 1. (Minitest::Assertion)
/home/marek/work/devskiller/exam-tasks/sample-projects/devskiller-sample-ruby-rails-calculator/test/controllers/verify_calculator_controller_test.rb:26    </failure>
  </testcase>
</testsuite>
